[0.454s] Invoking command in '/home/svyat/PycharmProjects/ros2-slava233/Practice02/src/task01': DEBUGINFOD_URLS=https://debuginfod.archlinux.org PYTHONPATH=/home/svyat/PycharmProjects/ros2-slava233/Practice02/build/task01/prefix_override:/home/svyat/PycharmProjects/ros2-slava233/Practice02/install/task01/lib/python3.12/site-packages:${PYTHONPATH} _=/usr/bin/env /usr/bin/python -W ignore:setup.py install is deprecated setup.py egg_info --egg-base ../../build/task01 build --build-base /home/svyat/PycharmProjects/ros2-slava233/Practice02/build/task01/build install --record /home/svyat/PycharmProjects/ros2-slava233/Practice02/build/task01/install.log --single-version-externally-managed install_data
[0.614s] running egg_info
[0.614s] creating ../../build/task01/task01.egg-info
[0.624s] writing ../../build/task01/task01.egg-info/PKG-INFO
[0.624s] writing dependency_links to ../../build/task01/task01.egg-info/dependency_links.txt
[0.624s] writing entry points to ../../build/task01/task01.egg-info/entry_points.txt
[0.624s] writing requirements to ../../build/task01/task01.egg-info/requires.txt
[0.624s] writing top-level names to ../../build/task01/task01.egg-info/top_level.txt
[0.624s] writing manifest file '../../build/task01/task01.egg-info/SOURCES.txt'
[0.672s] reading manifest file '../../build/task01/task01.egg-info/SOURCES.txt'
[0.672s] writing manifest file '../../build/task01/task01.egg-info/SOURCES.txt'
[0.672s] running build
[0.672s] running build_py
[0.672s] creating /home/svyat/PycharmProjects/ros2-slava233/Practice02/build/task01/build
[0.672s] creating /home/svyat/PycharmProjects/ros2-slava233/Practice02/build/task01/build/lib
[0.673s] creating /home/svyat/PycharmProjects/ros2-slava233/Practice02/build/task01/build/lib/task01
[0.673s] copying task01/__init__.py -> /home/svyat/PycharmProjects/ros2-slava233/Practice02/build/task01/build/lib/task01
[0.673s] copying task01/receiver.py -> /home/svyat/PycharmProjects/ros2-slava233/Practice02/build/task01/build/lib/task01
[0.673s] running install
[0.681s] running install_lib
[0.693s] creating /home/svyat/PycharmProjects/ros2-slava233/Practice02/install/task01/lib/python3.12/site-packages/task01
[0.694s] copying /home/svyat/PycharmProjects/ros2-slava233/Practice02/build/task01/build/lib/task01/__init__.py -> /home/svyat/PycharmProjects/ros2-slava233/Practice02/install/task01/lib/python3.12/site-packages/task01
[0.694s] copying /home/svyat/PycharmProjects/ros2-slava233/Practice02/build/task01/build/lib/task01/receiver.py -> /home/svyat/PycharmProjects/ros2-slava233/Practice02/install/task01/lib/python3.12/site-packages/task01
[0.694s] byte-compiling /home/svyat/PycharmProjects/ros2-slava233/Practice02/install/task01/lib/python3.12/site-packages/task01/__init__.py to __init__.cpython-312.pyc
[0.694s] byte-compiling /home/svyat/PycharmProjects/ros2-slava233/Practice02/install/task01/lib/python3.12/site-packages/task01/receiver.py to receiver.cpython-312.pyc
[0.695s] running install_data
[0.695s] creating /home/svyat/PycharmProjects/ros2-slava233/Practice02/install/task01/share/ament_index
[0.695s] creating /home/svyat/PycharmProjects/ros2-slava233/Practice02/install/task01/share/ament_index/resource_index
[0.695s] creating /home/svyat/PycharmProjects/ros2-slava233/Practice02/install/task01/share/ament_index/resource_index/packages
[0.696s] copying resource/task01 -> /home/svyat/PycharmProjects/ros2-slava233/Practice02/install/task01/share/ament_index/resource_index/packages
[0.696s] copying package.xml -> /home/svyat/PycharmProjects/ros2-slava233/Practice02/install/task01/share/task01
[0.696s] creating /home/svyat/PycharmProjects/ros2-slava233/Practice02/install/task01/share/task01/launch
[0.696s] copying launch/task01.launch -> /home/svyat/PycharmProjects/ros2-slava233/Practice02/install/task01/share/task01/launch
[0.696s] running install_egg_info
[0.706s] Copying ../../build/task01/task01.egg-info to /home/svyat/PycharmProjects/ros2-slava233/Practice02/install/task01/lib/python3.12/site-packages/task01-0.0.0-py3.12.egg-info
[0.706s] running install_scripts
[0.760s] Installing receiver script to /home/svyat/PycharmProjects/ros2-slava233/Practice02/install/task01/lib/task01
[0.760s] writing list of installed files to '/home/svyat/PycharmProjects/ros2-slava233/Practice02/build/task01/install.log'
[0.777s] Invoked command in '/home/svyat/PycharmProjects/ros2-slava233/Practice02/src/task01' returned '0': DEBUGINFOD_URLS=https://debuginfod.archlinux.org PYTHONPATH=/home/svyat/PycharmProjects/ros2-slava233/Practice02/build/task01/prefix_override:/home/svyat/PycharmProjects/ros2-slava233/Practice02/install/task01/lib/python3.12/site-packages:${PYTHONPATH} _=/usr/bin/env /usr/bin/python -W ignore:setup.py install is deprecated setup.py egg_info --egg-base ../../build/task01 build --build-base /home/svyat/PycharmProjects/ros2-slava233/Practice02/build/task01/build install --record /home/svyat/PycharmProjects/ros2-slava233/Practice02/build/task01/install.log --single-version-externally-managed install_data
