running egg_info
creating ../../build/task03/task03.egg-info
writing ../../build/task03/task03.egg-info/PKG-INFO
writing dependency_links to ../../build/task03/task03.egg-info/dependency_links.txt
writing entry points to ../../build/task03/task03.egg-info/entry_points.txt
writing requirements to ../../build/task03/task03.egg-info/requires.txt
writing top-level names to ../../build/task03/task03.egg-info/top_level.txt
writing manifest file '../../build/task03/task03.egg-info/SOURCES.txt'
reading manifest file '../../build/task03/task03.egg-info/SOURCES.txt'
writing manifest file '../../build/task03/task03.egg-info/SOURCES.txt'
running build
running build_py
creating /home/svyat/PycharmProjects/ros2-slava233/Practice02/build/task03/build
creating /home/svyat/PycharmProjects/ros2-slava233/Practice02/build/task03/build/lib
creating /home/svyat/PycharmProjects/ros2-slava233/Practice02/build/task03/build/lib/task03
copying task03/__init__.py -> /home/svyat/PycharmProjects/ros2-slava233/Practice02/build/task03/build/lib/task03
copying task03/service_node.py -> /home/svyat/PycharmProjects/ros2-slava233/Practice02/build/task03/build/lib/task03
running install
running install_lib
creating /home/svyat/PycharmProjects/ros2-slava233/Practice02/install/task03/lib/python3.12/site-packages/task03
copying /home/svyat/PycharmProjects/ros2-slava233/Practice02/build/task03/build/lib/task03/__init__.py -> /home/svyat/PycharmProjects/ros2-slava233/Practice02/install/task03/lib/python3.12/site-packages/task03
copying /home/svyat/PycharmProjects/ros2-slava233/Practice02/build/task03/build/lib/task03/service_node.py -> /home/svyat/PycharmProjects/ros2-slava233/Practice02/install/task03/lib/python3.12/site-packages/task03
byte-compiling /home/svyat/PycharmProjects/ros2-slava233/Practice02/install/task03/lib/python3.12/site-packages/task03/__init__.py to __init__.cpython-312.pyc
byte-compiling /home/svyat/PycharmProjects/ros2-slava233/Practice02/install/task03/lib/python3.12/site-packages/task03/service_node.py to service_node.cpython-312.pyc
running install_data
creating /home/svyat/PycharmProjects/ros2-slava233/Practice02/install/task03/share/ament_index
creating /home/svyat/PycharmProjects/ros2-slava233/Practice02/install/task03/share/ament_index/resource_index
creating /home/svyat/PycharmProjects/ros2-slava233/Practice02/install/task03/share/ament_index/resource_index/packages
copying resource/task03 -> /home/svyat/PycharmProjects/ros2-slava233/Practice02/install/task03/share/ament_index/resource_index/packages
copying package.xml -> /home/svyat/PycharmProjects/ros2-slava233/Practice02/install/task03/share/task03
creating /home/svyat/PycharmProjects/ros2-slava233/Practice02/install/task03/share/task03/config
copying config/task03.yaml -> /home/svyat/PycharmProjects/ros2-slava233/Practice02/install/task03/share/task03/config
creating /home/svyat/PycharmProjects/ros2-slava233/Practice02/install/task03/share/task03/launch
copying launch/task03.launch -> /home/svyat/PycharmProjects/ros2-slava233/Practice02/install/task03/share/task03/launch
running install_egg_info
Copying ../../build/task03/task03.egg-info to /home/svyat/PycharmProjects/ros2-slava233/Practice02/install/task03/lib/python3.12/site-packages/task03-0.0.0-py3.12.egg-info
running install_scripts
Installing service_node script to /home/svyat/PycharmProjects/ros2-slava233/Practice02/install/task03/lib/task03
writing list of installed files to '/home/svyat/PycharmProjects/ros2-slava233/Practice02/build/task03/install.log'
