[0.460s] Invoking command in '/home/svyat/PycharmProjects/ros2-slava233/Practice02/src/task03': DEBUGINFOD_URLS=https://debuginfod.archlinux.org PYTHONPATH=/home/svyat/PycharmProjects/ros2-slava233/Practice02/build/task03/prefix_override:/home/svyat/PycharmProjects/ros2-slava233/Practice02/install/task03/lib/python3.12/site-packages:${PYTHONPATH} _=/usr/bin/env /usr/bin/python -W ignore:setup.py install is deprecated setup.py egg_info --egg-base ../../build/task03 build --build-base /home/svyat/PycharmProjects/ros2-slava233/Practice02/build/task03/build install --record /home/svyat/PycharmProjects/ros2-slava233/Practice02/build/task03/install.log --single-version-externally-managed install_data
[0.622s] running egg_info
[0.622s] creating ../../build/task03/task03.egg-info
[0.632s] writing ../../build/task03/task03.egg-info/PKG-INFO
[0.632s] writing dependency_links to ../../build/task03/task03.egg-info/dependency_links.txt
[0.632s] writing entry points to ../../build/task03/task03.egg-info/entry_points.txt
[0.632s] writing requirements to ../../build/task03/task03.egg-info/requires.txt
[0.632s] writing top-level names to ../../build/task03/task03.egg-info/top_level.txt
[0.633s] writing manifest file '../../build/task03/task03.egg-info/SOURCES.txt'
[0.688s] reading manifest file '../../build/task03/task03.egg-info/SOURCES.txt'
[0.688s] writing manifest file '../../build/task03/task03.egg-info/SOURCES.txt'
[0.688s] running build
[0.688s] running build_py
[0.688s] creating /home/svyat/PycharmProjects/ros2-slava233/Practice02/build/task03/build
[0.689s] creating /home/svyat/PycharmProjects/ros2-slava233/Practice02/build/task03/build/lib
[0.689s] creating /home/svyat/PycharmProjects/ros2-slava233/Practice02/build/task03/build/lib/task03
[0.689s] copying task03/__init__.py -> /home/svyat/PycharmProjects/ros2-slava233/Practice02/build/task03/build/lib/task03
[0.689s] copying task03/service_node.py -> /home/svyat/PycharmProjects/ros2-slava233/Practice02/build/task03/build/lib/task03
[0.689s] running install
[0.693s] running install_lib
[0.704s] creating /home/svyat/PycharmProjects/ros2-slava233/Practice02/install/task03/lib/python3.12/site-packages/task03
[0.704s] copying /home/svyat/PycharmProjects/ros2-slava233/Practice02/build/task03/build/lib/task03/__init__.py -> /home/svyat/PycharmProjects/ros2-slava233/Practice02/install/task03/lib/python3.12/site-packages/task03
[0.704s] copying /home/svyat/PycharmProjects/ros2-slava233/Practice02/build/task03/build/lib/task03/service_node.py -> /home/svyat/PycharmProjects/ros2-slava233/Practice02/install/task03/lib/python3.12/site-packages/task03
[0.704s] byte-compiling /home/svyat/PycharmProjects/ros2-slava233/Practice02/install/task03/lib/python3.12/site-packages/task03/__init__.py to __init__.cpython-312.pyc
[0.704s] byte-compiling /home/svyat/PycharmProjects/ros2-slava233/Practice02/install/task03/lib/python3.12/site-packages/task03/service_node.py to service_node.cpython-312.pyc
[0.705s] running install_data
[0.705s] creating /home/svyat/PycharmProjects/ros2-slava233/Practice02/install/task03/share/ament_index
[0.705s] creating /home/svyat/PycharmProjects/ros2-slava233/Practice02/install/task03/share/ament_index/resource_index
[0.705s] creating /home/svyat/PycharmProjects/ros2-slava233/Practice02/install/task03/share/ament_index/resource_index/packages
[0.705s] copying resource/task03 -> /home/svyat/PycharmProjects/ros2-slava233/Practice02/install/task03/share/ament_index/resource_index/packages
[0.706s] copying package.xml -> /home/svyat/PycharmProjects/ros2-slava233/Practice02/install/task03/share/task03
[0.706s] creating /home/svyat/PycharmProjects/ros2-slava233/Practice02/install/task03/share/task03/config
[0.706s] copying config/task03.yaml -> /home/svyat/PycharmProjects/ros2-slava233/Practice02/install/task03/share/task03/config
[0.706s] creating /home/svyat/PycharmProjects/ros2-slava233/Practice02/install/task03/share/task03/launch
[0.706s] copying launch/task03.launch -> /home/svyat/PycharmProjects/ros2-slava233/Practice02/install/task03/share/task03/launch
[0.706s] running install_egg_info
[0.717s] Copying ../../build/task03/task03.egg-info to /home/svyat/PycharmProjects/ros2-slava233/Practice02/install/task03/lib/python3.12/site-packages/task03-0.0.0-py3.12.egg-info
[0.718s] running install_scripts
[0.773s] Installing service_node script to /home/svyat/PycharmProjects/ros2-slava233/Practice02/install/task03/lib/task03
[0.773s] writing list of installed files to '/home/svyat/PycharmProjects/ros2-slava233/Practice02/build/task03/install.log'
[0.789s] Invoked command in '/home/svyat/PycharmProjects/ros2-slava233/Practice02/src/task03' returned '0': DEBUGINFOD_URLS=https://debuginfod.archlinux.org PYTHONPATH=/home/svyat/PycharmProjects/ros2-slava233/Practice02/build/task03/prefix_override:/home/svyat/PycharmProjects/ros2-slava233/Practice02/install/task03/lib/python3.12/site-packages:${PYTHONPATH} _=/usr/bin/env /usr/bin/python -W ignore:setup.py install is deprecated setup.py egg_info --egg-base ../../build/task03 build --build-base /home/svyat/PycharmProjects/ros2-slava233/Practice02/build/task03/build install --record /home/svyat/PycharmProjects/ros2-slava233/Practice02/build/task03/install.log --single-version-externally-managed install_data
