[0.000000] (-) TimerEvent: {}
[0.000265] (-) JobUnselected: {'identifier': 'task01'}
[0.000426] (-) JobUnselected: {'identifier': 'task02'}
[0.000487] (task03) JobQueued: {'identifier': 'task03', 'dependencies': OrderedDict()}
[0.000538] (task03) JobStarted: {'identifier': 'task03'}
[0.099893] (-) TimerEvent: {}
[0.200110] (-) TimerEvent: {}
[0.300359] (-) TimerEvent: {}
[0.400621] (-) TimerEvent: {}
[0.459674] (task03) Command: {'cmd': ['/usr/bin/python', '-W', 'ignore:setup.py install is deprecated', 'setup.py', 'egg_info', '--egg-base', '../../build/task03', 'build', '--build-base', '/home/svyat/PycharmProjects/ros2-slava233/Practice02/build/task03/build', 'install', '--record', '/home/svyat/PycharmProjects/ros2-slava233/Practice02/build/task03/install.log', '--single-version-externally-managed', 'install_data'], 'cwd': '/home/svyat/PycharmProjects/ros2-slava233/Practice02/src/task03', 'env': {'SHELL': '/bin/bash', 'ROS_VERSION': '2', 'SESSION_MANAGER': 'local/thinkpad-x1-extreme:@/tmp/.ICE-unix/1294,unix/thinkpad-x1-extreme:/tmp/.ICE-unix/1294', 'XDG_CONFIG_DIRS': '/home/svyat/.config/kdedefaults:/etc/xdg', 'XDG_SESSION_PATH': '/org/freedesktop/DisplayManager/Session1', 'XDG_MENU_PREFIX': 'plasma-', 'TERMINAL_EMULATOR': 'JetBrains-JediTerm', 'PKG_CONFIG_PATH': '/opt/ros/iron/lib/pkgconfig', 'ROS_PYTHON_VERSION': '3', 'ICEAUTHORITY': '/run/user/1000/iceauth_OVMyxH', 'LANGUAGE': '', 'LC_ADDRESS': 'C', 'LC_NAME': 'ru_RU.UTF-8', 'TERM_SESSION_ID': '18ebc1c3-d379-458b-bab6-da4a1ef3c98b', 'MEMORY_PRESSURE_WRITE': 'c29tZSAyMDAwMDAgMjAwMDAwMAA=', 'DESKTOP_SESSION': 'plasma', 'LC_MONETARY': 'en_CY.UTF-8', 'GTK_RC_FILES': '/etc/gtk/gtkrc:/home/svyat/.gtkrc:/home/svyat/.config/gtkrc', 'EDITOR': 'nano', 'XDG_SEAT': 'seat0', 'PWD': '/home/svyat/PycharmProjects/ros2-slava233/Practice02/build/task03', 'LOGNAME': 'svyat', 'XDG_SESSION_DESKTOP': 'KDE', 'XDG_SESSION_TYPE': 'wayland', 'SYSTEMD_EXEC_PID': '1334', 'XAUTHORITY': '/run/user/1000/xauth_kPNnfT', 'MOTD_SHOWN': 'pam', 'GTK2_RC_FILES': '/etc/gtk-2.0/gtkrc:/home/svyat/.gtkrc-2.0:/home/svyat/.config/gtkrc-2.0', 'HOME': '/home/svyat', 'LC_PAPER': 'C', 'LANG': 'ru_RU.UTF-8', 'XDG_CURRENT_DESKTOP': 'KDE', 'MEMORY_PRESSURE_WATCH': '/sys/fs/cgroup/user.slice/user-1000.slice/user@1000.service/session.slice/plasma-plasmashell.service/memory.pressure', 'WAYLAND_DISPLAY': 'wayland-0', 'AMENT_PREFIX_PATH': '/home/svyat/PycharmProjects/ros2-slava233/Practice02/install/task02:/home/svyat/PycharmProjects/ros2-slava233/Practice02/install/task01:/opt/ros/iron', 'CMAKE_PREFIX_PATH': '/opt/ros/iron', 'XDG_SEAT_PATH': '/org/freedesktop/DisplayManager/Seat0', 'ROS_AUTOMATIC_DISCOVERY_RANGE': 'SUBNET', 'COLCON_PREFIX_PATH': '/home/svyat/PycharmProjects/ros2-slava233/Practice02/install:/opt/ros/iron', 'INVOCATION_ID': '5b3e0060c0a84612936b034e65791dd7', 'MANAGERPID': '1097', 'KDE_SESSION_UID': '1000', 'QV4_GC_TIMELIMIT': '0', 'XKB_DEFAULT_LAYOUT': 'us,ru', 'XDG_ACTIVATION_TOKEN': 'kwin-82', 'XDG_SESSION_CLASS': 'user', 'PYTHONPATH': '/home/svyat/PycharmProjects/ros2-slava233/Practice02/build/task03/prefix_override:/home/svyat/PycharmProjects/ros2-slava233/Practice02/install/task03/lib/python3.12/site-packages:/home/svyat/PycharmProjects/ros2-slava233/Practice02/install/task02/lib/python3.12/site-packages:/home/svyat/PycharmProjects/ros2-slava233/Practice02/install/task01/lib/python3.12/site-packages:/home/svyat/.cache/yay/ros2-iron/src/install/lib/python3.12/dist-packages:/opt/ros/iron/lib/python3.12/site-packages', 'COLCON': '1', 'LC_IDENTIFICATION': 'ru_RU.UTF-8', 'TERM': 'xterm-256color', 'USER': 'svyat', 'QT_WAYLAND_RECONNECT': '1', 'KDE_SESSION_VERSION': '6', 'DISPLAY': ':1', 'SHLVL': '1', 'LC_TELEPHONE': 'el_CY.UTF-8', 'LC_MEASUREMENT': 'C', 'XDG_VTNR': '1', 'XDG_SESSION_ID': '2', 'LD_LIBRARY_PATH': '/opt/ros/iron/opt/yaml_cpp_vendor/lib:/opt/ros/iron/opt/rviz_ogre_vendor/lib:/opt/ros/iron/lib', 'XDG_RUNTIME_DIR': '/run/user/1000', 'DEBUGINFOD_URLS': 'https://debuginfod.archlinux.org', 'LC_TIME': 'ru_RU.UTF-8', 'QT_AUTO_SCREEN_SCALE_FACTOR': '0', 'JOURNAL_STREAM': '9:17848', 'KDE_FULL_SESSION': 'true', 'BROWSER': 'firefox', 'PATH': '/opt/ros/iron/bin:/usr/local/sbin:/usr/local/bin:/usr/bin:/usr/bin/site_perl:/usr/bin/vendor_perl:/usr/bin/core_perl', 'DBUS_SESSION_BUS_ADDRESS': 'unix:path=/run/user/1000/bus', 'KDE_APPLICATIONS_AS_SCOPE': '1', 'MAIL': '/var/spool/mail/svyat', 'ROS_DISTRO': 'iron', 'XKB_DEFAULT_OPTIONS': 'grp:alt_shift_toggle', 'LC_NUMERIC': 'C', 'OLDPWD': '/home/svyat/PycharmProjects/ros2-slava233/Practice02/src', '_': '/usr/bin/env'}, 'shell': False}
[0.500759] (-) TimerEvent: {}
[0.600997] (-) TimerEvent: {}
[0.622607] (task03) StdoutLine: {'line': b'running egg_info\n'}
[0.622904] (task03) StdoutLine: {'line': b'creating ../../build/task03/task03.egg-info\n'}
[0.632481] (task03) StdoutLine: {'line': b'writing ../../build/task03/task03.egg-info/PKG-INFO\n'}
[0.632709] (task03) StdoutLine: {'line': b'writing dependency_links to ../../build/task03/task03.egg-info/dependency_links.txt\n'}
[0.632787] (task03) StdoutLine: {'line': b'writing entry points to ../../build/task03/task03.egg-info/entry_points.txt\n'}
[0.632839] (task03) StdoutLine: {'line': b'writing requirements to ../../build/task03/task03.egg-info/requires.txt\n'}
[0.632880] (task03) StdoutLine: {'line': b'writing top-level names to ../../build/task03/task03.egg-info/top_level.txt\n'}
[0.633016] (task03) StdoutLine: {'line': b"writing manifest file '../../build/task03/task03.egg-info/SOURCES.txt'\n"}
[0.688406] (task03) StdoutLine: {'line': b"reading manifest file '../../build/task03/task03.egg-info/SOURCES.txt'\n"}
[0.688782] (task03) StdoutLine: {'line': b"writing manifest file '../../build/task03/task03.egg-info/SOURCES.txt'\n"}
[0.688862] (task03) StdoutLine: {'line': b'running build\n'}
[0.688913] (task03) StdoutLine: {'line': b'running build_py\n'}
[0.688968] (task03) StdoutLine: {'line': b'creating /home/svyat/PycharmProjects/ros2-slava233/Practice02/build/task03/build\n'}
[0.689028] (task03) StdoutLine: {'line': b'creating /home/svyat/PycharmProjects/ros2-slava233/Practice02/build/task03/build/lib\n'}
[0.689074] (task03) StdoutLine: {'line': b'creating /home/svyat/PycharmProjects/ros2-slava233/Practice02/build/task03/build/lib/task03\n'}
[0.689119] (task03) StdoutLine: {'line': b'copying task03/__init__.py -> /home/svyat/PycharmProjects/ros2-slava233/Practice02/build/task03/build/lib/task03\n'}
[0.689174] (task03) StdoutLine: {'line': b'copying task03/service_node.py -> /home/svyat/PycharmProjects/ros2-slava233/Practice02/build/task03/build/lib/task03\n'}
[0.689254] (task03) StdoutLine: {'line': b'running install\n'}
[0.693687] (task03) StdoutLine: {'line': b'running install_lib\n'}
[0.701050] (-) TimerEvent: {}
[0.704107] (task03) StdoutLine: {'line': b'creating /home/svyat/PycharmProjects/ros2-slava233/Practice02/install/task03/lib/python3.12/site-packages/task03\n'}
[0.704577] (task03) StdoutLine: {'line': b'copying /home/svyat/PycharmProjects/ros2-slava233/Practice02/build/task03/build/lib/task03/__init__.py -> /home/svyat/PycharmProjects/ros2-slava233/Practice02/install/task03/lib/python3.12/site-packages/task03\n'}
[0.704739] (task03) StdoutLine: {'line': b'copying /home/svyat/PycharmProjects/ros2-slava233/Practice02/build/task03/build/lib/task03/service_node.py -> /home/svyat/PycharmProjects/ros2-slava233/Practice02/install/task03/lib/python3.12/site-packages/task03\n'}
[0.704861] (task03) StdoutLine: {'line': b'byte-compiling /home/svyat/PycharmProjects/ros2-slava233/Practice02/install/task03/lib/python3.12/site-packages/task03/__init__.py to __init__.cpython-312.pyc\n'}
[0.704964] (task03) StdoutLine: {'line': b'byte-compiling /home/svyat/PycharmProjects/ros2-slava233/Practice02/install/task03/lib/python3.12/site-packages/task03/service_node.py to service_node.cpython-312.pyc\n'}
[0.705453] (task03) StdoutLine: {'line': b'running install_data\n'}
[0.705617] (task03) StdoutLine: {'line': b'creating /home/svyat/PycharmProjects/ros2-slava233/Practice02/install/task03/share/ament_index\n'}
[0.705736] (task03) StdoutLine: {'line': b'creating /home/svyat/PycharmProjects/ros2-slava233/Practice02/install/task03/share/ament_index/resource_index\n'}
[0.705867] (task03) StdoutLine: {'line': b'creating /home/svyat/PycharmProjects/ros2-slava233/Practice02/install/task03/share/ament_index/resource_index/packages\n'}
[0.705964] (task03) StdoutLine: {'line': b'copying resource/task03 -> /home/svyat/PycharmProjects/ros2-slava233/Practice02/install/task03/share/ament_index/resource_index/packages\n'}
[0.706047] (task03) StdoutLine: {'line': b'copying package.xml -> /home/svyat/PycharmProjects/ros2-slava233/Practice02/install/task03/share/task03\n'}
[0.706124] (task03) StdoutLine: {'line': b'creating /home/svyat/PycharmProjects/ros2-slava233/Practice02/install/task03/share/task03/config\n'}
[0.706208] (task03) StdoutLine: {'line': b'copying config/task03.yaml -> /home/svyat/PycharmProjects/ros2-slava233/Practice02/install/task03/share/task03/config\n'}
[0.706285] (task03) StdoutLine: {'line': b'creating /home/svyat/PycharmProjects/ros2-slava233/Practice02/install/task03/share/task03/launch\n'}
[0.706363] (task03) StdoutLine: {'line': b'copying launch/task03.launch -> /home/svyat/PycharmProjects/ros2-slava233/Practice02/install/task03/share/task03/launch\n'}
[0.706438] (task03) StdoutLine: {'line': b'running install_egg_info\n'}
[0.717856] (task03) StdoutLine: {'line': b'Copying ../../build/task03/task03.egg-info to /home/svyat/PycharmProjects/ros2-slava233/Practice02/install/task03/lib/python3.12/site-packages/task03-0.0.0-py3.12.egg-info\n'}
[0.718288] (task03) StdoutLine: {'line': b'running install_scripts\n'}
[0.772962] (task03) StdoutLine: {'line': b'Installing service_node script to /home/svyat/PycharmProjects/ros2-slava233/Practice02/install/task03/lib/task03\n'}
[0.773129] (task03) StdoutLine: {'line': b"writing list of installed files to '/home/svyat/PycharmProjects/ros2-slava233/Practice02/build/task03/install.log'\n"}
[0.788866] (task03) CommandEnded: {'returncode': 0}
[0.794823] (task03) JobEnded: {'identifier': 'task03', 'rc': 0}
[0.795237] (-) EventReactorShutdown: {}
