running egg_info
creating ../../build/task02/task02.egg-info
writing ../../build/task02/task02.egg-info/PKG-INFO
writing dependency_links to ../../build/task02/task02.egg-info/dependency_links.txt
writing entry points to ../../build/task02/task02.egg-info/entry_points.txt
writing requirements to ../../build/task02/task02.egg-info/requires.txt
writing top-level names to ../../build/task02/task02.egg-info/top_level.txt
writing manifest file '../../build/task02/task02.egg-info/SOURCES.txt'
reading manifest file '../../build/task02/task02.egg-info/SOURCES.txt'
writing manifest file '../../build/task02/task02.egg-info/SOURCES.txt'
running build
running build_py
creating /home/svyat/PycharmProjects/ros2-slava233/Practice02/build/task02/build
creating /home/svyat/PycharmProjects/ros2-slava233/Practice02/build/task02/build/lib
creating /home/svyat/PycharmProjects/ros2-slava233/Practice02/build/task02/build/lib/task02
copying task02/__init__.py -> /home/svyat/PycharmProjects/ros2-slava233/Practice02/build/task02/build/lib/task02
copying task02/publisher.py -> /home/svyat/PycharmProjects/ros2-slava233/Practice02/build/task02/build/lib/task02
running install
running install_lib
creating /home/svyat/PycharmProjects/ros2-slava233/Practice02/install/task02/lib/python3.12/site-packages/task02
copying /home/svyat/PycharmProjects/ros2-slava233/Practice02/build/task02/build/lib/task02/__init__.py -> /home/svyat/PycharmProjects/ros2-slava233/Practice02/install/task02/lib/python3.12/site-packages/task02
copying /home/svyat/PycharmProjects/ros2-slava233/Practice02/build/task02/build/lib/task02/publisher.py -> /home/svyat/PycharmProjects/ros2-slava233/Practice02/install/task02/lib/python3.12/site-packages/task02
byte-compiling /home/svyat/PycharmProjects/ros2-slava233/Practice02/install/task02/lib/python3.12/site-packages/task02/__init__.py to __init__.cpython-312.pyc
byte-compiling /home/svyat/PycharmProjects/ros2-slava233/Practice02/install/task02/lib/python3.12/site-packages/task02/publisher.py to publisher.cpython-312.pyc
running install_data
creating /home/svyat/PycharmProjects/ros2-slava233/Practice02/install/task02/share/ament_index
creating /home/svyat/PycharmProjects/ros2-slava233/Practice02/install/task02/share/ament_index/resource_index
creating /home/svyat/PycharmProjects/ros2-slava233/Practice02/install/task02/share/ament_index/resource_index/packages
copying resource/task02 -> /home/svyat/PycharmProjects/ros2-slava233/Practice02/install/task02/share/ament_index/resource_index/packages
copying package.xml -> /home/svyat/PycharmProjects/ros2-slava233/Practice02/install/task02/share/task02
creating /home/svyat/PycharmProjects/ros2-slava233/Practice02/install/task02/share/task02/config
copying config/task02.yaml -> /home/svyat/PycharmProjects/ros2-slava233/Practice02/install/task02/share/task02/config
creating /home/svyat/PycharmProjects/ros2-slava233/Practice02/install/task02/share/task02/launch
copying launch/task02.launch -> /home/svyat/PycharmProjects/ros2-slava233/Practice02/install/task02/share/task02/launch
running install_egg_info
Copying ../../build/task02/task02.egg-info to /home/svyat/PycharmProjects/ros2-slava233/Practice02/install/task02/lib/python3.12/site-packages/task02-0.0.0-py3.12.egg-info
running install_scripts
Installing publisher script to /home/svyat/PycharmProjects/ros2-slava233/Practice02/install/task02/lib/task02
writing list of installed files to '/home/svyat/PycharmProjects/ros2-slava233/Practice02/build/task02/install.log'
