[0.458s] Invoking command in '/home/svyat/PycharmProjects/ros2-slava233/Practice02/src/task02': DEBUGINFOD_URLS=https://debuginfod.archlinux.org PYTHONPATH=/home/svyat/PycharmProjects/ros2-slava233/Practice02/build/task02/prefix_override:/home/svyat/PycharmProjects/ros2-slava233/Practice02/install/task02/lib/python3.12/site-packages:${PYTHONPATH} _=/usr/bin/env /usr/bin/python -W ignore:setup.py install is deprecated setup.py egg_info --egg-base ../../build/task02 build --build-base /home/svyat/PycharmProjects/ros2-slava233/Practice02/build/task02/build install --record /home/svyat/PycharmProjects/ros2-slava233/Practice02/build/task02/install.log --single-version-externally-managed install_data
[0.620s] running egg_info
[0.620s] creating ../../build/task02/task02.egg-info
[0.630s] writing ../../build/task02/task02.egg-info/PKG-INFO
[0.630s] writing dependency_links to ../../build/task02/task02.egg-info/dependency_links.txt
[0.630s] writing entry points to ../../build/task02/task02.egg-info/entry_points.txt
[0.631s] writing requirements to ../../build/task02/task02.egg-info/requires.txt
[0.631s] writing top-level names to ../../build/task02/task02.egg-info/top_level.txt
[0.631s] writing manifest file '../../build/task02/task02.egg-info/SOURCES.txt'
[0.677s] reading manifest file '../../build/task02/task02.egg-info/SOURCES.txt'
[0.677s] writing manifest file '../../build/task02/task02.egg-info/SOURCES.txt'
[0.677s] running build
[0.677s] running build_py
[0.678s] creating /home/svyat/PycharmProjects/ros2-slava233/Practice02/build/task02/build
[0.678s] creating /home/svyat/PycharmProjects/ros2-slava233/Practice02/build/task02/build/lib
[0.678s] creating /home/svyat/PycharmProjects/ros2-slava233/Practice02/build/task02/build/lib/task02
[0.678s] copying task02/__init__.py -> /home/svyat/PycharmProjects/ros2-slava233/Practice02/build/task02/build/lib/task02
[0.678s] copying task02/publisher.py -> /home/svyat/PycharmProjects/ros2-slava233/Practice02/build/task02/build/lib/task02
[0.678s] running install
[0.682s] running install_lib
[0.692s] creating /home/svyat/PycharmProjects/ros2-slava233/Practice02/install/task02/lib/python3.12/site-packages/task02
[0.692s] copying /home/svyat/PycharmProjects/ros2-slava233/Practice02/build/task02/build/lib/task02/__init__.py -> /home/svyat/PycharmProjects/ros2-slava233/Practice02/install/task02/lib/python3.12/site-packages/task02
[0.692s] copying /home/svyat/PycharmProjects/ros2-slava233/Practice02/build/task02/build/lib/task02/publisher.py -> /home/svyat/PycharmProjects/ros2-slava233/Practice02/install/task02/lib/python3.12/site-packages/task02
[0.693s] byte-compiling /home/svyat/PycharmProjects/ros2-slava233/Practice02/install/task02/lib/python3.12/site-packages/task02/__init__.py to __init__.cpython-312.pyc
[0.693s] byte-compiling /home/svyat/PycharmProjects/ros2-slava233/Practice02/install/task02/lib/python3.12/site-packages/task02/publisher.py to publisher.cpython-312.pyc
[0.693s] running install_data
[0.693s] creating /home/svyat/PycharmProjects/ros2-slava233/Practice02/install/task02/share/ament_index
[0.693s] creating /home/svyat/PycharmProjects/ros2-slava233/Practice02/install/task02/share/ament_index/resource_index
[0.693s] creating /home/svyat/PycharmProjects/ros2-slava233/Practice02/install/task02/share/ament_index/resource_index/packages
[0.694s] copying resource/task02 -> /home/svyat/PycharmProjects/ros2-slava233/Practice02/install/task02/share/ament_index/resource_index/packages
[0.694s] copying package.xml -> /home/svyat/PycharmProjects/ros2-slava233/Practice02/install/task02/share/task02
[0.694s] creating /home/svyat/PycharmProjects/ros2-slava233/Practice02/install/task02/share/task02/config
[0.694s] copying config/task02.yaml -> /home/svyat/PycharmProjects/ros2-slava233/Practice02/install/task02/share/task02/config
[0.694s] creating /home/svyat/PycharmProjects/ros2-slava233/Practice02/install/task02/share/task02/launch
[0.694s] copying launch/task02.launch -> /home/svyat/PycharmProjects/ros2-slava233/Practice02/install/task02/share/task02/launch
[0.694s] running install_egg_info
[0.704s] Copying ../../build/task02/task02.egg-info to /home/svyat/PycharmProjects/ros2-slava233/Practice02/install/task02/lib/python3.12/site-packages/task02-0.0.0-py3.12.egg-info
[0.705s] running install_scripts
[0.760s] Installing publisher script to /home/svyat/PycharmProjects/ros2-slava233/Practice02/install/task02/lib/task02
[0.760s] writing list of installed files to '/home/svyat/PycharmProjects/ros2-slava233/Practice02/build/task02/install.log'
[0.776s] Invoked command in '/home/svyat/PycharmProjects/ros2-slava233/Practice02/src/task02' returned '0': DEBUGINFOD_URLS=https://debuginfod.archlinux.org PYTHONPATH=/home/svyat/PycharmProjects/ros2-slava233/Practice02/build/task02/prefix_override:/home/svyat/PycharmProjects/ros2-slava233/Practice02/install/task02/lib/python3.12/site-packages:${PYTHONPATH} _=/usr/bin/env /usr/bin/python -W ignore:setup.py install is deprecated setup.py egg_info --egg-base ../../build/task02 build --build-base /home/svyat/PycharmProjects/ros2-slava233/Practice02/build/task02/build install --record /home/svyat/PycharmProjects/ros2-slava233/Practice02/build/task02/install.log --single-version-externally-managed install_data
