[0.000000] (-) TimerEvent: {}
[0.000111] (-) JobUnselected: {'identifier': 'task01'}
[0.000138] (task02) JobQueued: {'identifier': 'task02', 'dependencies': OrderedDict()}
[0.000154] (task02) JobStarted: {'identifier': 'task02'}
[0.099523] (-) TimerEvent: {}
[0.199789] (-) TimerEvent: {}
[0.300051] (-) TimerEvent: {}
[0.400324] (-) TimerEvent: {}
[0.456520] (task02) Command: {'cmd': ['/usr/bin/python', '-W', 'ignore:setup.py install is deprecated', 'setup.py', 'egg_info', '--egg-base', '../../build/task02', 'build', '--build-base', '/home/svyat/PycharmProjects/ros2-slava233/Practice02/build/task02/build', 'install', '--record', '/home/svyat/PycharmProjects/ros2-slava233/Practice02/build/task02/install.log', '--single-version-externally-managed', 'install_data'], 'cwd': '/home/svyat/PycharmProjects/ros2-slava233/Practice02/src/task02', 'env': {'SHELL': '/bin/bash', 'ROS_VERSION': '2', 'SESSION_MANAGER': 'local/thinkpad-x1-extreme:@/tmp/.ICE-unix/1294,unix/thinkpad-x1-extreme:/tmp/.ICE-unix/1294', 'XDG_CONFIG_DIRS': '/home/svyat/.config/kdedefaults:/etc/xdg', 'XDG_SESSION_PATH': '/org/freedesktop/DisplayManager/Session1', 'XDG_MENU_PREFIX': 'plasma-', 'TERMINAL_EMULATOR': 'JetBrains-JediTerm', 'PKG_CONFIG_PATH': '/opt/ros/iron/lib/pkgconfig', 'ROS_PYTHON_VERSION': '3', 'ICEAUTHORITY': '/run/user/1000/iceauth_OVMyxH', 'LANGUAGE': '', 'LC_ADDRESS': 'C', 'LC_NAME': 'ru_RU.UTF-8', 'TERM_SESSION_ID': '18ebc1c3-d379-458b-bab6-da4a1ef3c98b', 'MEMORY_PRESSURE_WRITE': 'c29tZSAyMDAwMDAgMjAwMDAwMAA=', 'DESKTOP_SESSION': 'plasma', 'LC_MONETARY': 'en_CY.UTF-8', 'GTK_RC_FILES': '/etc/gtk/gtkrc:/home/svyat/.gtkrc:/home/svyat/.config/gtkrc', 'EDITOR': 'nano', 'XDG_SEAT': 'seat0', 'PWD': '/home/svyat/PycharmProjects/ros2-slava233/Practice02/build/task02', 'LOGNAME': 'svyat', 'XDG_SESSION_DESKTOP': 'KDE', 'XDG_SESSION_TYPE': 'wayland', 'SYSTEMD_EXEC_PID': '1334', 'XAUTHORITY': '/run/user/1000/xauth_kPNnfT', 'MOTD_SHOWN': 'pam', 'GTK2_RC_FILES': '/etc/gtk-2.0/gtkrc:/home/svyat/.gtkrc-2.0:/home/svyat/.config/gtkrc-2.0', 'HOME': '/home/svyat', 'LC_PAPER': 'C', 'LANG': 'ru_RU.UTF-8', 'XDG_CURRENT_DESKTOP': 'KDE', 'MEMORY_PRESSURE_WATCH': '/sys/fs/cgroup/user.slice/user-1000.slice/user@1000.service/session.slice/plasma-plasmashell.service/memory.pressure', 'WAYLAND_DISPLAY': 'wayland-0', 'AMENT_PREFIX_PATH': '/opt/ros/iron', 'CMAKE_PREFIX_PATH': '/opt/ros/iron', 'XDG_SEAT_PATH': '/org/freedesktop/DisplayManager/Seat0', 'ROS_AUTOMATIC_DISCOVERY_RANGE': 'SUBNET', 'COLCON_PREFIX_PATH': '/opt/ros/iron', 'INVOCATION_ID': '5b3e0060c0a84612936b034e65791dd7', 'MANAGERPID': '1097', 'KDE_SESSION_UID': '1000', 'QV4_GC_TIMELIMIT': '0', 'XKB_DEFAULT_LAYOUT': 'us,ru', 'XDG_ACTIVATION_TOKEN': 'kwin-82', 'XDG_SESSION_CLASS': 'user', 'PYTHONPATH': '/home/svyat/PycharmProjects/ros2-slava233/Practice02/build/task02/prefix_override:/home/svyat/PycharmProjects/ros2-slava233/Practice02/install/task02/lib/python3.12/site-packages:/home/svyat/.cache/yay/ros2-iron/src/install/lib/python3.12/dist-packages:/opt/ros/iron/lib/python3.12/site-packages', 'COLCON': '1', 'LC_IDENTIFICATION': 'ru_RU.UTF-8', 'TERM': 'xterm-256color', 'USER': 'svyat', 'QT_WAYLAND_RECONNECT': '1', 'KDE_SESSION_VERSION': '6', 'DISPLAY': ':1', 'SHLVL': '1', 'LC_TELEPHONE': 'el_CY.UTF-8', 'LC_MEASUREMENT': 'C', 'XDG_VTNR': '1', 'XDG_SESSION_ID': '2', 'LD_LIBRARY_PATH': '/opt/ros/iron/opt/yaml_cpp_vendor/lib:/opt/ros/iron/opt/rviz_ogre_vendor/lib:/opt/ros/iron/lib', 'XDG_RUNTIME_DIR': '/run/user/1000', 'DEBUGINFOD_URLS': 'https://debuginfod.archlinux.org', 'LC_TIME': 'ru_RU.UTF-8', 'QT_AUTO_SCREEN_SCALE_FACTOR': '0', 'JOURNAL_STREAM': '9:17848', 'KDE_FULL_SESSION': 'true', 'BROWSER': 'firefox', 'PATH': '/opt/ros/iron/bin:/usr/local/sbin:/usr/local/bin:/usr/bin:/usr/bin/site_perl:/usr/bin/vendor_perl:/usr/bin/core_perl', 'DBUS_SESSION_BUS_ADDRESS': 'unix:path=/run/user/1000/bus', 'KDE_APPLICATIONS_AS_SCOPE': '1', 'MAIL': '/var/spool/mail/svyat', 'ROS_DISTRO': 'iron', 'XKB_DEFAULT_OPTIONS': 'grp:alt_shift_toggle', 'LC_NUMERIC': 'C', 'OLDPWD': '/home/svyat/PycharmProjects/ros2-slava233/Practice02/src', '_': '/usr/bin/env'}, 'shell': False}
[0.500412] (-) TimerEvent: {}
[0.600663] (-) TimerEvent: {}
[0.620131] (task02) StdoutLine: {'line': b'running egg_info\n'}
[0.620450] (task02) StdoutLine: {'line': b'creating ../../build/task02/task02.egg-info\n'}
[0.630113] (task02) StdoutLine: {'line': b'writing ../../build/task02/task02.egg-info/PKG-INFO\n'}
[0.630331] (task02) StdoutLine: {'line': b'writing dependency_links to ../../build/task02/task02.egg-info/dependency_links.txt\n'}
[0.630499] (task02) StdoutLine: {'line': b'writing entry points to ../../build/task02/task02.egg-info/entry_points.txt\n'}
[0.630665] (task02) StdoutLine: {'line': b'writing requirements to ../../build/task02/task02.egg-info/requires.txt\n'}
[0.630719] (task02) StdoutLine: {'line': b'writing top-level names to ../../build/task02/task02.egg-info/top_level.txt\n'}
[0.630762] (task02) StdoutLine: {'line': b"writing manifest file '../../build/task02/task02.egg-info/SOURCES.txt'\n"}
[0.677091] (task02) StdoutLine: {'line': b"reading manifest file '../../build/task02/task02.egg-info/SOURCES.txt'\n"}
[0.677417] (task02) StdoutLine: {'line': b"writing manifest file '../../build/task02/task02.egg-info/SOURCES.txt'\n"}
[0.677523] (task02) StdoutLine: {'line': b'running build\n'}
[0.677577] (task02) StdoutLine: {'line': b'running build_py\n'}
[0.677654] (task02) StdoutLine: {'line': b'creating /home/svyat/PycharmProjects/ros2-slava233/Practice02/build/task02/build\n'}
[0.677702] (task02) StdoutLine: {'line': b'creating /home/svyat/PycharmProjects/ros2-slava233/Practice02/build/task02/build/lib\n'}
[0.677763] (task02) StdoutLine: {'line': b'creating /home/svyat/PycharmProjects/ros2-slava233/Practice02/build/task02/build/lib/task02\n'}
[0.677805] (task02) StdoutLine: {'line': b'copying task02/__init__.py -> /home/svyat/PycharmProjects/ros2-slava233/Practice02/build/task02/build/lib/task02\n'}
[0.677850] (task02) StdoutLine: {'line': b'copying task02/publisher.py -> /home/svyat/PycharmProjects/ros2-slava233/Practice02/build/task02/build/lib/task02\n'}
[0.677914] (task02) StdoutLine: {'line': b'running install\n'}
[0.682213] (task02) StdoutLine: {'line': b'running install_lib\n'}
[0.692387] (task02) StdoutLine: {'line': b'creating /home/svyat/PycharmProjects/ros2-slava233/Practice02/install/task02/lib/python3.12/site-packages/task02\n'}
[0.692469] (task02) StdoutLine: {'line': b'copying /home/svyat/PycharmProjects/ros2-slava233/Practice02/build/task02/build/lib/task02/__init__.py -> /home/svyat/PycharmProjects/ros2-slava233/Practice02/install/task02/lib/python3.12/site-packages/task02\n'}
[0.692517] (task02) StdoutLine: {'line': b'copying /home/svyat/PycharmProjects/ros2-slava233/Practice02/build/task02/build/lib/task02/publisher.py -> /home/svyat/PycharmProjects/ros2-slava233/Practice02/install/task02/lib/python3.12/site-packages/task02\n'}
[0.692726] (task02) StdoutLine: {'line': b'byte-compiling /home/svyat/PycharmProjects/ros2-slava233/Practice02/install/task02/lib/python3.12/site-packages/task02/__init__.py to __init__.cpython-312.pyc\n'}
[0.692884] (task02) StdoutLine: {'line': b'byte-compiling /home/svyat/PycharmProjects/ros2-slava233/Practice02/install/task02/lib/python3.12/site-packages/task02/publisher.py to publisher.cpython-312.pyc\n'}
[0.693229] (task02) StdoutLine: {'line': b'running install_data\n'}
[0.693305] (task02) StdoutLine: {'line': b'creating /home/svyat/PycharmProjects/ros2-slava233/Practice02/install/task02/share/ament_index\n'}
[0.693356] (task02) StdoutLine: {'line': b'creating /home/svyat/PycharmProjects/ros2-slava233/Practice02/install/task02/share/ament_index/resource_index\n'}
[0.693400] (task02) StdoutLine: {'line': b'creating /home/svyat/PycharmProjects/ros2-slava233/Practice02/install/task02/share/ament_index/resource_index/packages\n'}
[0.693541] (task02) StdoutLine: {'line': b'copying resource/task02 -> /home/svyat/PycharmProjects/ros2-slava233/Practice02/install/task02/share/ament_index/resource_index/packages\n'}
[0.693711] (task02) StdoutLine: {'line': b'copying package.xml -> /home/svyat/PycharmProjects/ros2-slava233/Practice02/install/task02/share/task02\n'}
[0.693765] (task02) StdoutLine: {'line': b'creating /home/svyat/PycharmProjects/ros2-slava233/Practice02/install/task02/share/task02/config\n'}
[0.693807] (task02) StdoutLine: {'line': b'copying config/task02.yaml -> /home/svyat/PycharmProjects/ros2-slava233/Practice02/install/task02/share/task02/config\n'}
[0.693848] (task02) StdoutLine: {'line': b'creating /home/svyat/PycharmProjects/ros2-slava233/Practice02/install/task02/share/task02/launch\n'}
[0.693888] (task02) StdoutLine: {'line': b'copying launch/task02.launch -> /home/svyat/PycharmProjects/ros2-slava233/Practice02/install/task02/share/task02/launch\n'}
[0.693928] (task02) StdoutLine: {'line': b'running install_egg_info\n'}
[0.700721] (-) TimerEvent: {}
[0.704187] (task02) StdoutLine: {'line': b'Copying ../../build/task02/task02.egg-info to /home/svyat/PycharmProjects/ros2-slava233/Practice02/install/task02/lib/python3.12/site-packages/task02-0.0.0-py3.12.egg-info\n'}
[0.704608] (task02) StdoutLine: {'line': b'running install_scripts\n'}
[0.760056] (task02) StdoutLine: {'line': b'Installing publisher script to /home/svyat/PycharmProjects/ros2-slava233/Practice02/install/task02/lib/task02\n'}
[0.760242] (task02) StdoutLine: {'line': b"writing list of installed files to '/home/svyat/PycharmProjects/ros2-slava233/Practice02/build/task02/install.log'\n"}
[0.776316] (task02) CommandEnded: {'returncode': 0}
[0.781920] (task02) JobEnded: {'identifier': 'task02', 'rc': 0}
[0.782450] (-) EventReactorShutdown: {}
